Z:\ADES\ADES\DEBUG\UPISEX.ILK
Z:\ADES\ADES\DEBUG\UPISEX.DLL
Z:\ADES\ADES\DEBUG\UPISEX.PDB
Z:\ADES\ADES\UPISEX\DEBUG\UPISEX.PCH
Z:\ADES\ADES\UPISEX\DEBUG\STDAFX.OBJ
Z:\ADES\ADES\UPISEX\DEBUG\VC110.PDB
Z:\ADES\ADES\UPISEX\DEBUG\UPISEX.OBJ
Z:\ADES\ADES\UPISEX\DEBUG\ASSEMBLYINFO.OBJ
Z:\ADES\ADES\UPISEX\DEBUG\.NETFRAMEWORK,VERSION=V4.0.ASSEMBLYATTRIBUTES.OBJ
Z:\ADES\ADES\UPISEX\DEBUG\METAGEN.WRITE.1.TLOG
Z:\ADES\ADES\UPISEX\DEBUG\APP.RES
Z:\ades\ades\upisEx\Debug\upisEx.vcxprojResolveAssemblyReference.cache
Z:\ades\ades\upisEx\Debug\.NETFramework,Version=v4.0.AssemblyAttributes.obj
Z:\ades\ades\upisEx\Debug\upisEx.obj
Z:\ades\ades\upisEx\Debug\AssemblyInfo.obj
Z:\ades\ades\upisEx\Debug\Stdafx.obj
Z:\ades\ades\upisEx\Debug\link.command.1.tlog
Z:\ades\ades\upisEx\Debug\link.7344.write.1.tlog
Z:\ades\ades\upisEx\Debug\cl.command.1.tlog
Z:\ades\ades\upisEx\Debug\link.read.1.tlog
Z:\ades\ades\upisEx\Debug\link.7344-rc.read.1.tlog
Z:\ades\ades\upisEx\Debug\link.write.1.tlog
Z:\ades\ades\upisEx\Debug\CL.read.1.tlog
Z:\ades\ades\upisEx\Debug\CL.write.1.tlog
Z:\ades\ades\upisEx\Debug\link.7344-cvtres.read.1.tlog
Z:\ades\ades\upisEx\Debug\link.7344-cvtres.write.1.tlog
Z:\ades\ades\upisEx\Debug\rc.command.1.tlog
Z:\ades\ades\upisEx\Debug\link.7344.read.1.tlog
Z:\ades\ades\upisEx\Debug\metagen.write.1.tlog
Z:\ades\ades\upisEx\Debug\link.7344-rc.write.1.tlog
Z:\ades\ades\upisEx\Debug\metagen.read.1.tlog
Z:\ades\ades\upisEx\Debug\rc.read.1.tlog
Z:\ades\ades\upisEx\Debug\rc.write.1.tlog
Z:\ades\ades\upisEx\Debug\app.res
Z:\ades\ades\upisEx\Debug\upisEx.pch
Z:\ades\ades\upisEx\Debug\vc110.pdb
Z:\ades\ades\upisEx\Debug\MSCORLIB.DLL.metagen
Z:\ades\ades\upisEx\Debug\SYSTEM.DATA.DLL.metagen
Z:\ades\ades\upisEx\Debug\SYSTEM.XML.DLL.metagen
Z:\ades\ades\upisEx\Debug\SYSTEM.DLL.metagen
Z:\ades\ades\upisEx\Debug\TZRES.DLL.bi
Z:\ades\ades\upisEx\Debug\CLR.DLL.bi
Z:\ades\ades\upisEx\Debug\MSCORWKS.DLL.bi
Z:\ades\ades\upisEx\Debug\CLUI.DLL.bi
Z:\ades\ades\upisEx\Debug\RSAENH.DLL.bi
Z:\ades\ades\Debug\upisEx.pdb
Z:\ades\ades\Debug\upisEx.dll
Z:\ades\ades\Debug\upisEx.ilk
