Z:\ades\ades\Debug\upisdll.lib
Z:\ades\ades\Debug\upisdll.exp
Z:\ADES\ADES\DEBUG\UPISDLL.ILK
Z:\ADES\ADES\DEBUG\UPISDLL.DLL
Z:\ADES\ADES\DEBUG\UPISDLL.PDB
Z:\ADES\ADES\IMAGESERVER\UPISDLL\DEBUG\DX10HOOK.OBJ
Z:\ADES\ADES\IMAGESERVER\UPISDLL\DEBUG\DX8HOOK.OBJ
Z:\ADES\ADES\IMAGESERVER\UPISDLL\DEBUG\DX9HOOK.OBJ
Z:\ADES\ADES\IMAGESERVER\UPISDLL\DEBUG\OPTIONS.OBJ
Z:\ADES\ADES\IMAGESERVER\UPISDLL\DEBUG\SERVER.OBJ
Z:\ADES\ADES\IMAGESERVER\UPISDLL\DEBUG\SIMEVENT.OBJ
Z:\ADES\ADES\IMAGESERVER\UPISDLL\DEBUG\UPISDLL.OBJ
Z:\ADES\ADES\IMAGESERVER\UPISDLL\DEBUG\VC110.PDB
Z:\ades\ades\imageServer\upisdll\Debug\dx9hook.obj
Z:\ades\ades\imageServer\upisdll\Debug\dx8hook.obj
Z:\ades\ades\imageServer\upisdll\Debug\upisdll.obj
Z:\ades\ades\imageServer\upisdll\Debug\dx10hook.obj
Z:\ades\ades\imageServer\upisdll\Debug\options.obj
Z:\ades\ades\imageServer\upisdll\Debug\simevent.obj
Z:\ades\ades\imageServer\upisdll\Debug\server.obj
Z:\ades\ades\imageServer\upisdll\Debug\upisdll.write.1.tlog
Z:\ades\ades\imageServer\upisdll\Debug\link.command.1.tlog
Z:\ades\ades\imageServer\upisdll\Debug\cl.command.1.tlog
Z:\ades\ades\imageServer\upisdll\Debug\link.read.1.tlog
Z:\ades\ades\imageServer\upisdll\Debug\link-rc.write.1.tlog
Z:\ades\ades\imageServer\upisdll\Debug\link.write.1.tlog
Z:\ades\ades\imageServer\upisdll\Debug\CL.read.1.tlog
Z:\ades\ades\imageServer\upisdll\Debug\CL.write.1.tlog
Z:\ades\ades\imageServer\upisdll\Debug\link-cvtres.write.1.tlog
Z:\ades\ades\imageServer\upisdll\Debug\link-rc.read.1.tlog
Z:\ades\ades\imageServer\upisdll\Debug\link-cvtres.read.1.tlog
Z:\ades\ades\imageServer\upisdll\Debug\vc110.idb
Z:\ades\ades\imageServer\upisdll\Debug\vc110.pdb
Z:\ades\ades\Debug\upisdll.pdb
Z:\ades\ades\Debug\upisdll.dll
Z:\ades\ades\Debug\upisdll.ilk
